<?xml version="1.0" encoding="UTF-8"?>
<!-- Generated by org.testng.reporters.JUnitXMLReporter -->
<testsuite hostname="WIN-EG60CIFJ754" name="Default test" tests="4" failures="0" timestamp="4 Jul 2022 09:22:57 GMT" time="6.11" errors="0">
  <testcase name="firstPOST" time="2.555" classname="restAssured.project"/>
  <testcase name="firstPUT" time="1.141" classname="restAssured.project"/>
  <testcase name="login" time="1.212" classname="restAssured.project"/>
  <testcase name="firstDELETE" time="1.186" classname="restAssured.project"/>
</testsuite> <!-- Default test -->
